<?xml version="1.0" encoding="UTF-8"?>
<!-- Generated by org.testng.reporters.JUnitReportReporter -->
<testsuite hostname="DM-LT8" failures="0" tests="3" name="com.DMS.testCases.TC_004_Profile" time="48.346" errors="0" timestamp="2024-04-08T16:28:41 IST" skipped="0">
  <testcase classname="com.DMS.testCases.TC_004_Profile" name="changePassword_DMS_Account" time="18.970"/>
  <system-out/>
  <testcase classname="com.DMS.testCases.TC_004_Profile" name="updatePasswordForDigiSign" time="19.939"/>
  <system-out/>
  <testcase classname="com.DMS.testCases.TC_004_Profile" name="forgotDigiSignPassword" time="9.437"/>
  <system-out/>
</testsuite> <!-- com.DMS.testCases.TC_004_Profile -->
