<?xml version="1.0" encoding="UTF-8"?>
<!-- Generated by org.testng.reporters.JUnitReportReporter -->
<testsuite hostname="DESKTOP-2ODO8DJ" failures="0" tests="16" name="com.DMS.testCases.TC_008_Departments" time="448.432" errors="0" timestamp="2024-01-05T10:18:37 IST" skipped="0">
  <testcase classname="com.DMS.testCases.TC_008_Departments" name="subDepartmentCreation" time="19.681"/>
  <testcase classname="com.DMS.testCases.TC_008_Departments" name="mainFolderCreation" time="16.582"/>
  <testcase classname="com.DMS.testCases.TC_008_Departments" name="MainFolder_Permission" time="23.018"/>
  <testcase classname="com.DMS.testCases.TC_008_Departments" name="MainFolder_Share" time="21.980"/>
  <testcase classname="com.DMS.testCases.TC_008_Departments" name="MainFolder_Delete" time="18.259"/>
  <testcase classname="com.DMS.testCases.TC_008_Departments" name="MainFolder_Archive" time="30.024"/>
  <testcase classname="com.DMS.testCases.TC_008_Departments" name="UploadDocument" time="109.799"/>
  <testcase classname="com.DMS.testCases.TC_008_Departments" name="document_Permission" time="17.685"/>
  <testcase classname="com.DMS.testCases.TC_008_Departments" name="document_Share" time="17.731"/>
  <testcase classname="com.DMS.testCases.TC_008_Departments" name="document_Delete" time="12.770"/>
  <testcase classname="com.DMS.testCases.TC_008_Departments" name="document_Archive" time="12.787"/>
  <testcase classname="com.DMS.testCases.TC_008_Departments" name="addSignersToTheDocument" time="51.176"/>
  <testcase classname="com.DMS.testCases.TC_008_Departments" name="signersEdit" time="17.517"/>
  <testcase classname="com.DMS.testCases.TC_008_Departments" name="signDocument" time="25.895"/>
  <testcase classname="com.DMS.testCases.TC_008_Departments" name="setApprover_Document" time="13.572"/>
  <testcase classname="com.DMS.testCases.TC_008_Departments" name="addNewVersion_Doc" time="39.956"/>
</testsuite> <!-- com.DMS.testCases.TC_008_Departments -->
