<?xml version="1.0" encoding="UTF-8"?>
<!-- Generated by org.testng.reporters.JUnitReportReporter -->
<testsuite hostname="DESKTOP-2ODO8DJ" failures="0" tests="8" name="com.DMS.testCases.TC_TrainingPlan" time="187.521" errors="0" timestamp="2023-11-15T15:41:06 IST" skipped="0">
  <testcase classname="com.DMS.testCases.TC_TrainingPlan" name="addTrainingPlan_MyTrainingPlan" time="32.643"/>
  <testcase classname="com.DMS.testCases.TC_TrainingPlan" name="editTrainingPlan_MyTrainingPlan" time="27.612"/>
  <testcase classname="com.DMS.testCases.TC_TrainingPlan" name="deleteTrainingPlan_MyTrainingPlan" time="14.576"/>
  <testcase classname="com.DMS.testCases.TC_TrainingPlan" name="export_MyTrainingPlan" time="4.185"/>
  <testcase classname="com.DMS.testCases.TC_TrainingPlan" name="sign_TrainingPlanForApproval" time="35.074"/>
  <testcase classname="com.DMS.testCases.TC_TrainingPlan" name="addTrainingPlan_addTrainingPlan" time="31.272"/>
  <testcase classname="com.DMS.testCases.TC_TrainingPlan" name="editTrainingPlan_addTrainingPlan" time="27.634"/>
  <testcase classname="com.DMS.testCases.TC_TrainingPlan" name="deleteTrainingPlan_addTrainingPlan" time="14.525"/>
</testsuite> <!-- com.DMS.testCases.TC_TrainingPlan -->
