<?xml version="1.0" encoding="UTF-8"?>
<!-- Generated by org.testng.reporters.JUnitReportReporter -->
<testsuite hostname="DESKTOP-2ODO8DJ" failures="0" tests="32" name="com.DMS.testCases.TC_010_Projects" time="821.888" errors="0" timestamp="2024-01-07T09:38:58 IST" skipped="0">
  <testcase classname="com.DMS.testCases.TC_010_Projects" name="createProject" time="16.250"/>
  <testcase classname="com.DMS.testCases.TC_010_Projects" name="importRole" time="18.568"/>
  <testcase classname="com.DMS.testCases.TC_010_Projects" name="addProjectRole" time="11.078"/>
  <testcase classname="com.DMS.testCases.TC_010_Projects" name="createUser" time="22.178"/>
  <testcase classname="com.DMS.testCases.TC_010_Projects" name="docMainFolderCreation" time="16.721"/>
  <testcase classname="com.DMS.testCases.TC_010_Projects" name="docMainFolderPermission" time="21.937"/>
  <testcase classname="com.DMS.testCases.TC_010_Projects" name="docMainFolderShare" time="31.072"/>
  <testcase classname="com.DMS.testCases.TC_010_Projects" name="docMainFolderShare_ExternalUser" time="13.973"/>
  <testcase classname="com.DMS.testCases.TC_010_Projects" name="docMainFolderDelete" time="14.797"/>
  <testcase classname="com.DMS.testCases.TC_010_Projects" name="docMainFolderArchive" time="23.486"/>
  <testcase classname="com.DMS.testCases.TC_010_Projects" name="docUploadDocument" time="74.356"/>
  <testcase classname="com.DMS.testCases.TC_010_Projects" name="docPermissionDocument" time="14.638"/>
  <testcase classname="com.DMS.testCases.TC_010_Projects" name="docShareDocument" time="14.345"/>
  <testcase classname="com.DMS.testCases.TC_010_Projects" name="docDeletDocument" time="11.567"/>
  <testcase classname="com.DMS.testCases.TC_010_Projects" name="docArchiveDocument" time="14.625"/>
  <testcase classname="com.DMS.testCases.TC_010_Projects" name="addSignersToTheDocument" time="42.214"/>
  <testcase classname="com.DMS.testCases.TC_010_Projects" name="addSigners_Document" time="12.125"/>
  <testcase classname="com.DMS.testCases.TC_010_Projects" name="signDocument" time="24.169"/>
  <testcase classname="com.DMS.testCases.TC_010_Projects" name="approvalDoc" time="12.255"/>
  <testcase classname="com.DMS.testCases.TC_010_Projects" name="addNewVersion_Doc" time="37.358"/>
  <testcase classname="com.DMS.testCases.TC_010_Projects" name="devMainFolderCreation" time="19.472"/>
  <testcase classname="com.DMS.testCases.TC_010_Projects" name="devMainFolderPermission" time="17.278"/>
  <testcase classname="com.DMS.testCases.TC_010_Projects" name="devMainFolderShare" time="17.347"/>
  <testcase classname="com.DMS.testCases.TC_010_Projects" name="devMainFolderShare_ExternalUser" time="15.948"/>
  <testcase classname="com.DMS.testCases.TC_010_Projects" name="devMainFolderDelete" time="14.867"/>
  <testcase classname="com.DMS.testCases.TC_010_Projects" name="devMainFolderArchive" time="23.216"/>
  <testcase classname="com.DMS.testCases.TC_010_Projects" name="devUploadDocument_SubmitAndSign" time="99.459"/>
  <testcase classname="com.DMS.testCases.TC_010_Projects" name="viewDocument" time="4.604"/>
  <testcase classname="com.DMS.testCases.TC_010_Projects" name="addNewVersion1" time="54.631"/>
  <testcase classname="com.DMS.testCases.TC_010_Projects" name="download_printDoc" time="10.547"/>
  <testcase classname="com.DMS.testCases.TC_010_Projects" name="devUploadDocument_Save" time="86.253"/>
  <testcase classname="com.DMS.testCases.TC_010_Projects" name="devUploadDocument_Save_Delete" time="10.554"/>
</testsuite> <!-- com.DMS.testCases.TC_010_Projects -->
