<?xml version="1.0" encoding="UTF-8"?>
<!-- Generated by org.testng.reporters.JUnitReportReporter -->
<testsuite hostname="DESKTOP-2ODO8DJ" failures="0" tests="6" name="com.DMS.testCases.TC_009_Screens" time="59.902" errors="0" timestamp="2024-01-03T12:24:34 IST" skipped="0">
  <testcase classname="com.DMS.testCases.TC_009_Screens" name="addScreen" time="14.673"/>
  <testcase classname="com.DMS.testCases.TC_009_Screens" name="editScreen" time="11.436"/>
  <testcase classname="com.DMS.testCases.TC_009_Screens" name="addControl" time="7.563"/>
  <testcase classname="com.DMS.testCases.TC_009_Screens" name="editControl" time="13.278"/>
  <testcase classname="com.DMS.testCases.TC_009_Screens" name="deleteControl" time="6.185"/>
  <testcase classname="com.DMS.testCases.TC_009_Screens" name="deleteScreen" time="6.767"/>
</testsuite> <!-- com.DMS.testCases.TC_009_Screens -->
