<?xml version="1.0" encoding="UTF-8"?>
<!-- Generated by org.testng.reporters.JUnitReportReporter -->
<testsuite hostname="DM-LT8" failures="0" tests="5" name="com.DMS.testCases.TC_011_ConfigOnlineTest" time="206.194" errors="0" timestamp="2024-04-11T16:24:40 IST" skipped="0">
  <testcase classname="com.DMS.testCases.TC_011_ConfigOnlineTest" name="configureExam" time="35.324"/>
  <system-out/>
  <testcase classname="com.DMS.testCases.TC_011_ConfigOnlineTest" name="userAddition" time="18.523"/>
  <system-out/>
  <testcase classname="com.DMS.testCases.TC_011_ConfigOnlineTest" name="createQuestion" time="46.985"/>
  <system-out/>
  <testcase classname="com.DMS.testCases.TC_011_ConfigOnlineTest" name="uploadQuestion" time="88.747"/>
  <system-out/>
  <testcase classname="com.DMS.testCases.TC_011_ConfigOnlineTest" name="viewTest" time="16.615"/>
  <system-out/>
</testsuite> <!-- com.DMS.testCases.TC_011_ConfigOnlineTest -->
