<?xml version="1.0" encoding="UTF-8"?>
<!-- Generated by org.testng.reporters.JUnitReportReporter -->
<testsuite hostname="DESKTOP-2ODO8DJ" failures="0" tests="3" name="com.DMS.testCases.TC_008_DocumentTemplate" time="59.064" errors="0" timestamp="2023-10-20T20:14:53 IST" skipped="0">
  <testcase classname="com.DMS.testCases.TC_008_DocumentTemplate" name="createDocumenttemplate" time="44.143"/>
  <testcase classname="com.DMS.testCases.TC_008_DocumentTemplate" name="documentView" time="9.555"/>
  <testcase classname="com.DMS.testCases.TC_008_DocumentTemplate" name="documentDelete" time="5.366"/>
</testsuite> <!-- com.DMS.testCases.TC_008_DocumentTemplate -->
