<?xml version="1.0" encoding="UTF-8"?>
<!-- Generated by org.testng.reporters.JUnitReportReporter -->
<testsuite hostname="DM-LT8" failures="0" tests="1" name="com.DMS.testCases.TC_014_ConfigProcessTraining" time="35.889" errors="0" timestamp="2024-04-12T16:07:30 IST" skipped="0">
  <testcase classname="com.DMS.testCases.TC_014_ConfigProcessTraining" name="assignSOP" time="35.889"/>
  <system-out/>
</testsuite> <!-- com.DMS.testCases.TC_014_ConfigProcessTraining -->
