<?xml version="1.0" encoding="UTF-8"?>
<!-- Generated by org.testng.reporters.JUnitReportReporter -->
<testsuite hostname="DESKTOP-2ODO8DJ" failures="0" tests="1" name="com.DMS.testCases.TC_015_ConfigProcessTraining" time="37.954" errors="0" timestamp="2024-01-06T11:21:33 IST" skipped="0">
  <testcase classname="com.DMS.testCases.TC_015_ConfigProcessTraining" name="assignSOP" time="37.954"/>
</testsuite> <!-- com.DMS.testCases.TC_015_ConfigProcessTraining -->
