<?xml version="1.0" encoding="UTF-8"?>
<!-- Generated by org.testng.reporters.JUnitReportReporter -->
<testsuite hostname="DESKTOP-2ODO8DJ" failures="0" tests="23" name="com.DMS.testCases.TC_011_Departments" time="640.929" errors="0" timestamp="2024-01-03T19:02:01 IST" skipped="0">
  <testcase classname="com.DMS.testCases.TC_011_Departments" name="createDepartment" time="15.375"/>
  <testcase classname="com.DMS.testCases.TC_011_Departments" name="userAssigning" time="85.403"/>
  <testcase classname="com.DMS.testCases.TC_011_Departments" name="subDepartmentCreation" time="15.894"/>
  <testcase classname="com.DMS.testCases.TC_011_Departments" name="mainFolderCreation" time="15.069"/>
  <testcase classname="com.DMS.testCases.TC_011_Departments" name="MainFolderEdit" time="18.909"/>
  <testcase classname="com.DMS.testCases.TC_011_Departments" name="MainFolderSendTo" time="25.512"/>
  <testcase classname="com.DMS.testCases.TC_011_Departments" name="MainFolderPermission" time="22.424"/>
  <testcase classname="com.DMS.testCases.TC_011_Departments" name="MainFolderShare" time="21.640"/>
  <testcase classname="com.DMS.testCases.TC_011_Departments" name="MainFolderDelete" time="17.739"/>
  <testcase classname="com.DMS.testCases.TC_011_Departments" name="MainFolderArchive" time="29.384"/>
  <testcase classname="com.DMS.testCases.TC_011_Departments" name="SubFolderCreation" time="68.100"/>
  <testcase classname="com.DMS.testCases.TC_011_Departments" name="UploadDocument" time="89.813"/>
  <testcase classname="com.DMS.testCases.TC_011_Departments" name="EditDocument" time="15.154"/>
  <testcase classname="com.DMS.testCases.TC_011_Departments" name="PermissionDocument" time="17.225"/>
  <testcase classname="com.DMS.testCases.TC_011_Departments" name="ShareDocument" time="17.181"/>
  <testcase classname="com.DMS.testCases.TC_011_Departments" name="DeletDocument" time="12.576"/>
  <testcase classname="com.DMS.testCases.TC_011_Departments" name="ArchiveDocument" time="12.639"/>
  <testcase classname="com.DMS.testCases.TC_011_Departments" name="addSignersToTheDocument" time="39.982"/>
  <testcase classname="com.DMS.testCases.TC_011_Departments" name="addSigners_Document" time="16.455"/>
  <testcase classname="com.DMS.testCases.TC_011_Departments" name="signDocument" time="24.519"/>
  <testcase classname="com.DMS.testCases.TC_011_Departments" name="approvalDoc" time="13.096"/>
  <testcase classname="com.DMS.testCases.TC_011_Departments" name="addNewVersion_Doc" time="39.549"/>
  <testcase classname="com.DMS.testCases.TC_011_Departments" name="docDownload_Print" time="7.291"/>
</testsuite> <!-- com.DMS.testCases.TC_011_Departments -->
