<?xml version="1.0" encoding="UTF-8"?>
<!-- Generated by org.testng.reporters.JUnitReportReporter -->
<testsuite hostname="DESKTOP-2ODO8DJ" failures="0" tests="12" name="com.DMS.testCases.TC_016_TestResult" time="215.470" errors="0" timestamp="2024-01-03T23:53:03 IST" skipped="0">
  <testcase classname="com.DMS.testCases.TC_016_TestResult" name="employeeNameSearchValidation_Initiator" time="18.142"/>
  <testcase classname="com.DMS.testCases.TC_016_TestResult" name="resultSearchValidation_Initiator" time="11.572"/>
  <testcase classname="com.DMS.testCases.TC_016_TestResult" name="statusSearchValidation_Initiator" time="11.577"/>
  <testcase classname="com.DMS.testCases.TC_016_TestResult" name="dateSearchValidation_Initiator" time="20.279"/>
  <testcase classname="com.DMS.testCases.TC_016_TestResult" name="downloadTest" time="11.153"/>
  <testcase classname="com.DMS.testCases.TC_016_TestResult" name="signTest_Initiator" time="28.547"/>
  <testcase classname="com.DMS.testCases.TC_016_TestResult" name="employeeNameSearchValidation_Supervisor" time="16.100"/>
  <testcase classname="com.DMS.testCases.TC_016_TestResult" name="resultSearchValidation_Supervisor" time="11.558"/>
  <testcase classname="com.DMS.testCases.TC_016_TestResult" name="statusSearchValidation_Supervisor" time="11.617"/>
  <testcase classname="com.DMS.testCases.TC_016_TestResult" name="dateSearchValidation_Supervisor" time="22.416"/>
  <testcase classname="com.DMS.testCases.TC_016_TestResult" name="sign_test_Supervisor" time="32.704"/>
  <testcase classname="com.DMS.testCases.TC_016_TestResult" name="submitExam" time="19.805"/>
</testsuite> <!-- com.DMS.testCases.TC_016_TestResult -->
