<?xml version="1.0" encoding="UTF-8"?>
<!-- Generated by org.testng.reporters.JUnitReportReporter -->
<testsuite hostname="DESKTOP-2ODO8DJ" failures="0" tests="9" name="com.DMS.testCases.TC_007_Projects" time="442.965" errors="0" timestamp="2023-11-03T19:10:20 IST" skipped="0">
  <testcase classname="com.DMS.testCases.TC_007_Projects" name="devUploadDocument_SubmitAndSign" time="92.698"/>
  <testcase classname="com.DMS.testCases.TC_007_Projects" name="addNewVersion1" time="67.804"/>
  <testcase classname="com.DMS.testCases.TC_007_Projects" name="download_printDoc" time="16.102"/>
  <testcase classname="com.DMS.testCases.TC_007_Projects" name="addNewVersion2" time="86.114"/>
  <testcase classname="com.DMS.testCases.TC_007_Projects" name="devUploadDocument_Save" time="55.760"/>
  <testcase classname="com.DMS.testCases.TC_007_Projects" name="editSavedDocument" time="29.717"/>
  <testcase classname="com.DMS.testCases.TC_007_Projects" name="addNewVersion_savedDocument" time="43.930"/>
  <testcase classname="com.DMS.testCases.TC_007_Projects" name="addNewVersion_Document" time="15.781"/>
  <testcase classname="com.DMS.testCases.TC_007_Projects" name="savedDocumentToSubmittedDocument" time="35.059"/>
</testsuite> <!-- com.DMS.testCases.TC_007_Projects -->
