<?xml version="1.0" encoding="UTF-8"?>
<!-- Generated by org.testng.reporters.JUnitReportReporter -->
<testsuite hostname="DM-LT8" failures="0" tests="6" name="com.DMS.testCases.TC_006_ConfigBookmarkSign" time="69.073" errors="0" timestamp="2024-03-22T12:01:15 IST" skipped="0">
  <testcase classname="com.DMS.testCases.TC_006_ConfigBookmarkSign" name="createDocumentType" time="14.814"/>
  <system-out/>
  <testcase classname="com.DMS.testCases.TC_006_ConfigBookmarkSign" name="editDocumentType" time="18.773"/>
  <system-out/>
  <testcase classname="com.DMS.testCases.TC_006_ConfigBookmarkSign" name="addBookmark" time="10.504"/>
  <system-out/>
  <testcase classname="com.DMS.testCases.TC_006_ConfigBookmarkSign" name="editBookmark" time="12.465"/>
  <system-out/>
  <testcase classname="com.DMS.testCases.TC_006_ConfigBookmarkSign" name="deleteBookmark" time="8.231"/>
  <system-out/>
  <testcase classname="com.DMS.testCases.TC_006_ConfigBookmarkSign" name="deleteDocumentType" time="4.286"/>
  <system-out/>
</testsuite> <!-- com.DMS.testCases.TC_006_ConfigBookmarkSign -->
