<?xml version="1.0" encoding="UTF-8"?>
<!-- Generated by org.testng.reporters.JUnitReportReporter -->
<testsuite hostname="DESKTOP-2ODO8DJ" failures="0" tests="2" name="com.DMS.testCases.TC_011_DocumentApprovals" time="79.890" errors="0" timestamp="2024-01-05T16:24:01 IST" skipped="0">
  <testcase classname="com.DMS.testCases.TC_011_DocumentApprovals" name="viewDocumet_Approval" time="42.253"/>
  <testcase classname="com.DMS.testCases.TC_011_DocumentApprovals" name="viewDocumet_Reject" time="37.637"/>
</testsuite> <!-- com.DMS.testCases.TC_011_DocumentApprovals -->
