<?xml version="1.0" encoding="UTF-8"?>
<!-- Generated by org.testng.reporters.JUnitReportReporter -->
<testsuite hostname="DM-LT8" failures="0" tests="4" name="com.DMS.testCases.TC_013_TrainingPlan" time="106.583" errors="0" timestamp="2024-04-12T13:22:04 IST" skipped="0">
  <testcase classname="com.DMS.testCases.TC_013_TrainingPlan" name="addTrainingPlan_MyTrainingPlan" time="29.652"/>
  <system-out/>
  <testcase classname="com.DMS.testCases.TC_013_TrainingPlan" name="export_MyTrainingPlan" time="4.082"/>
  <system-out/>
  <testcase classname="com.DMS.testCases.TC_013_TrainingPlan" name="addTrainingPlan_addTrainingPlan" time="33.081"/>
  <system-out/>
  <testcase classname="com.DMS.testCases.TC_013_TrainingPlan" name="sign_TrainingPlanForApproval" time="39.768"/>
  <system-out/>
</testsuite> <!-- com.DMS.testCases.TC_013_TrainingPlan -->
