<?xml version="1.0" encoding="UTF-8"?>
<!-- Generated by org.testng.reporters.JUnitReportReporter -->
<testsuite hostname="DESKTOP-2ODO8DJ" failures="0" tests="6" name="com.DMS.testCases.TC_007_ConfigBookmarkSign" time="92.845" errors="0" timestamp="2024-01-05T09:42:09 IST" skipped="0">
  <testcase classname="com.DMS.testCases.TC_007_ConfigBookmarkSign" name="createDocumentType" time="17.216"/>
  <testcase classname="com.DMS.testCases.TC_007_ConfigBookmarkSign" name="editDocumentType" time="22.317"/>
  <testcase classname="com.DMS.testCases.TC_007_ConfigBookmarkSign" name="addBookmark" time="10.931"/>
  <testcase classname="com.DMS.testCases.TC_007_ConfigBookmarkSign" name="editBookmark" time="29.460"/>
  <testcase classname="com.DMS.testCases.TC_007_ConfigBookmarkSign" name="deleteBookmark" time="8.442"/>
  <testcase classname="com.DMS.testCases.TC_007_ConfigBookmarkSign" name="deleteDocumentType" time="4.479"/>
</testsuite> <!-- com.DMS.testCases.TC_007_ConfigBookmarkSign -->
