<?xml version="1.0" encoding="UTF-8"?>
<!-- Generated by org.testng.reporters.JUnitReportReporter -->
<testsuite hostname="DESKTOP-2ODO8DJ" failures="0" tests="8" name="com.DMS.testCases.TC_017_TrainingPlan" time="184.227" errors="0" timestamp="2024-01-03T23:53:02 IST" skipped="0">
  <testcase classname="com.DMS.testCases.TC_017_TrainingPlan" name="addTrainingPlan_MyTrainingPlan" time="30.859"/>
  <testcase classname="com.DMS.testCases.TC_017_TrainingPlan" name="editTrainingPlan_MyTrainingPlan" time="27.522"/>
  <testcase classname="com.DMS.testCases.TC_017_TrainingPlan" name="deleteTrainingPlan_MyTrainingPlan" time="14.555"/>
  <testcase classname="com.DMS.testCases.TC_017_TrainingPlan" name="export_MyTrainingPlan" time="4.143"/>
  <testcase classname="com.DMS.testCases.TC_017_TrainingPlan" name="sign_TrainingPlanForApproval" time="34.508"/>
  <testcase classname="com.DMS.testCases.TC_017_TrainingPlan" name="addTrainingPlan_addTrainingPlan" time="30.710"/>
  <testcase classname="com.DMS.testCases.TC_017_TrainingPlan" name="editTrainingPlan_addTrainingPlan" time="27.459"/>
  <testcase classname="com.DMS.testCases.TC_017_TrainingPlan" name="deleteTrainingPlan_addTrainingPlan" time="14.471"/>
</testsuite> <!-- com.DMS.testCases.TC_017_TrainingPlan -->
