<?xml version="1.0" encoding="UTF-8"?>
<!-- Generated by org.testng.reporters.JUnitReportReporter -->
<testsuite hostname="DM-LT8" failures="0" tests="3" name="com.DMS.testCases.TC_012_TestResult" time="152.261" errors="0" timestamp="2024-04-11T17:18:20 IST" skipped="0">
  <testcase classname="com.DMS.testCases.TC_012_TestResult" name="submitExam" time="59.715"/>
  <system-out/>
  <testcase classname="com.DMS.testCases.TC_012_TestResult" name="signTest_Initiator" time="61.206"/>
  <system-out/>
  <testcase classname="com.DMS.testCases.TC_012_TestResult" name="sign_test_Supervisor" time="31.340"/>
  <system-out/>
</testsuite> <!-- com.DMS.testCases.TC_012_TestResult -->
