<?xml version="1.0" encoding="UTF-8"?>
<!-- Generated by org.testng.reporters.JUnitReportReporter -->
<testsuite hostname="DESKTOP-2ODO8DJ" failures="0" tests="5" name="com.DMS.testCases.TC_011_MyFiles" time="162.413" errors="0" timestamp="2023-11-02T16:21:37 IST" skipped="0">
  <testcase classname="com.DMS.testCases.TC_011_MyFiles" name="addSignersToTheDocument" time="59.645"/>
  <testcase classname="com.DMS.testCases.TC_011_MyFiles" name="addSigners_Document" time="20.171"/>
  <testcase classname="com.DMS.testCases.TC_011_MyFiles" name="signDocument" time="28.048"/>
  <testcase classname="com.DMS.testCases.TC_011_MyFiles" name="addNewVersion" time="46.129"/>
  <testcase classname="com.DMS.testCases.TC_011_MyFiles" name="docDownload_Print" time="8.420"/>
</testsuite> <!-- com.DMS.testCases.TC_011_MyFiles -->
