<?xml version="1.0" encoding="UTF-8"?>
<!-- Generated by org.testng.reporters.JUnitReportReporter -->
<testsuite hostname="DM-LT8" failures="0" tests="2" name="com.DMS.testCases.TC_016_MergeFiles" time="68.900" errors="0" timestamp="2024-04-12T17:33:03 IST" skipped="0">
  <testcase classname="com.DMS.testCases.TC_016_MergeFiles" name="mergeFiles_DMS" time="36.006"/>
  <system-out/>
  <testcase classname="com.DMS.testCases.TC_016_MergeFiles" name="mergeFiles_Local" time="32.894"/>
  <system-out/>
</testsuite> <!-- com.DMS.testCases.TC_016_MergeFiles -->
