<?xml version="1.0" encoding="UTF-8"?>
<!-- Generated by org.testng.reporters.JUnitReportReporter -->
<testsuite hostname="DESKTOP-2ODO8DJ" failures="0" tests="3" name="com.DMS.testCases.TC_018_ConfigProcessTraining" time="71.896" errors="0" timestamp="2024-01-03T23:53:02 IST" skipped="0">
  <testcase classname="com.DMS.testCases.TC_018_ConfigProcessTraining" name="assignSOP" time="43.507"/>
  <testcase classname="com.DMS.testCases.TC_018_ConfigProcessTraining" name="nameSearchValidation" time="13.668"/>
  <testcase classname="com.DMS.testCases.TC_018_ConfigProcessTraining" name="designationSearchValidation" time="14.721"/>
</testsuite> <!-- com.DMS.testCases.TC_018_ConfigProcessTraining -->
