<?xml version="1.0" encoding="UTF-8"?>
<!-- Generated by org.testng.reporters.JUnitReportReporter -->
<testsuite hostname="DESKTOP-2ODO8DJ" failures="0" tests="1" name="com.DMS.testCases.TC_013_ExamEvidence" time="26.484" errors="0" timestamp="2023-10-25T10:04:58 IST" skipped="0">
  <testcase classname="com.DMS.testCases.TC_013_ExamEvidence" name="submitExam" time="26.484"/>
</testsuite> <!-- com.DMS.testCases.TC_013_ExamEvidence -->
