<?xml version="1.0" encoding="UTF-8"?>
<!-- Generated by org.testng.reporters.JUnitReportReporter -->
<testsuite hostname="DESKTOP-2ODO8DJ" failures="0" tests="4" name="com.DMS.testCases.TC_013_TestResult" time="102.416" errors="0" timestamp="2024-01-06T11:07:32 IST" skipped="0">
  <testcase classname="com.DMS.testCases.TC_013_TestResult" name="downloadTest" time="18.826"/>
  <testcase classname="com.DMS.testCases.TC_013_TestResult" name="signTest_Initiator" time="29.363"/>
  <testcase classname="com.DMS.testCases.TC_013_TestResult" name="sign_test_Supervisor" time="33.606"/>
  <testcase classname="com.DMS.testCases.TC_013_TestResult" name="submitExam" time="20.621"/>
</testsuite> <!-- com.DMS.testCases.TC_013_TestResult -->
