<?xml version="1.0" encoding="UTF-8"?>
<!-- Generated by org.testng.reporters.JUnitReportReporter -->
<testsuite hostname="DESKTOP-2ODO8DJ" failures="0" tests="4" name="com.DMS.testCases.TC_014_TrainingPlan" time="103.313" errors="0" timestamp="2024-01-06T11:21:33 IST" skipped="0">
  <testcase classname="com.DMS.testCases.TC_014_TrainingPlan" name="addTrainingPlan_MyTrainingPlan" time="32.897"/>
  <testcase classname="com.DMS.testCases.TC_014_TrainingPlan" name="export_MyTrainingPlan" time="4.180"/>
  <testcase classname="com.DMS.testCases.TC_014_TrainingPlan" name="sign_TrainingPlanForApproval" time="35.240"/>
  <testcase classname="com.DMS.testCases.TC_014_TrainingPlan" name="addTrainingPlan_addTrainingPlan" time="30.996"/>
</testsuite> <!-- com.DMS.testCases.TC_014_TrainingPlan -->
