<?xml version="1.0" encoding="UTF-8"?>
<!-- Generated by org.testng.reporters.JUnitReportReporter -->
<testsuite hostname="DESKTOP-2ODO8DJ" failures="0" tests="12" name="com.DMS.testCases.TC_015_ConfigOnlineTest" time="252.854" errors="0" timestamp="2024-01-03T23:53:03 IST" skipped="0">
  <testcase classname="com.DMS.testCases.TC_015_ConfigOnlineTest" name="configureExam" time="37.805"/>
  <testcase classname="com.DMS.testCases.TC_015_ConfigOnlineTest" name="userAddition" time="19.356"/>
  <testcase classname="com.DMS.testCases.TC_015_ConfigOnlineTest" name="employeeDeletion" time="6.736"/>
  <testcase classname="com.DMS.testCases.TC_015_ConfigOnlineTest" name="createQuestion" time="80.259"/>
  <testcase classname="com.DMS.testCases.TC_015_ConfigOnlineTest" name="editQuestion" time="11.550"/>
  <testcase classname="com.DMS.testCases.TC_015_ConfigOnlineTest" name="deleteQuestion" time="6.456"/>
  <testcase classname="com.DMS.testCases.TC_015_ConfigOnlineTest" name="addDocument" time="21.694"/>
  <testcase classname="com.DMS.testCases.TC_015_ConfigOnlineTest" name="delDocument" time="15.505"/>
  <testcase classname="com.DMS.testCases.TC_015_ConfigOnlineTest" name="examConfiguration" time="12.729"/>
  <testcase classname="com.DMS.testCases.TC_015_ConfigOnlineTest" name="examNameSearchValidation" time="11.974"/>
  <testcase classname="com.DMS.testCases.TC_015_ConfigOnlineTest" name="editTest" time="14.972"/>
  <testcase classname="com.DMS.testCases.TC_015_ConfigOnlineTest" name="viewTest" time="13.818"/>
</testsuite> <!-- com.DMS.testCases.TC_015_ConfigOnlineTest -->
