<?xml version="1.0" encoding="UTF-8"?>
<!-- Generated by org.testng.reporters.JUnitReportReporter -->
<testsuite hostname="DESKTOP-2ODO8DJ" failures="0" tests="2" name="com.DMS.testCases.TC_006_Users" time="54.061" errors="0" timestamp="2024-01-04T19:34:57 IST" skipped="0">
  <testcase classname="com.DMS.testCases.TC_006_Users" name="usersPage" time="39.461"/>
  <testcase classname="com.DMS.testCases.TC_006_Users" name="delete" time="14.600"/>
</testsuite> <!-- com.DMS.testCases.TC_006_Users -->
