<?xml version="1.0" encoding="UTF-8"?>
<!-- Generated by org.testng.reporters.JUnitReportReporter -->
<testsuite hostname="DESKTOP-2ODO8DJ" failures="0" tests="5" name="com.DMS.testCases.TC_012_ConfigOnlineTest" time="214.481" errors="0" timestamp="2024-01-06T17:22:57 IST" skipped="0">
  <testcase classname="com.DMS.testCases.TC_012_ConfigOnlineTest" name="configureExam" time="40.736"/>
  <testcase classname="com.DMS.testCases.TC_012_ConfigOnlineTest" name="userAddition" time="20.063"/>
  <testcase classname="com.DMS.testCases.TC_012_ConfigOnlineTest" name="createQuestion" time="82.528"/>
  <testcase classname="com.DMS.testCases.TC_012_ConfigOnlineTest" name="uploadQuestion" time="52.741"/>
  <testcase classname="com.DMS.testCases.TC_012_ConfigOnlineTest" name="viewTest" time="18.413"/>
</testsuite> <!-- com.DMS.testCases.TC_012_ConfigOnlineTest -->
