<?xml version="1.0" encoding="UTF-8"?>
<!-- Generated by org.testng.reporters.JUnitReportReporter -->
<testsuite hostname="DESKTOP-2ODO8DJ" failures="0" tests="3" name="com.DMS.testCases.TC_003_Profile" time="54.725" errors="0" timestamp="2023-10-22T15:46:28 IST" skipped="0">
  <testcase classname="com.DMS.testCases.TC_003_Profile" name="updatePasswordForDigiSign" time="27.661"/>
  <testcase classname="com.DMS.testCases.TC_003_Profile" name="editSign" time="22.811"/>
  <testcase classname="com.DMS.testCases.TC_003_Profile" name="selectSignatureStyle" time="4.253"/>
</testsuite> <!-- com.DMS.testCases.TC_003_Profile -->
