<?xml version="1.0" encoding="UTF-8"?>
<!-- Generated by org.testng.reporters.JUnitReportReporter -->
<testsuite hostname="DM-LT8" failures="0" tests="1" name="com.DMS.testCases.TC_003_ForgotPassword" time="9.233" errors="0" timestamp="2024-03-21T16:52:14 IST" skipped="0">
  <testcase classname="com.DMS.testCases.TC_003_ForgotPassword" name="forgotPassword" time="9.233"/>
  <system-out/>
</testsuite> <!-- com.DMS.testCases.TC_003_ForgotPassword -->
