<?xml version="1.0" encoding="UTF-8"?>
<!-- Generated by org.testng.reporters.JUnitReportReporter -->
<testsuite hostname="DESKTOP-2ODO8DJ" failures="0" tests="3" name="com.DMS.testCases.TC_004_Dashboard" time="60.788" errors="0" timestamp="2023-11-15T18:18:15 IST" skipped="0">
  <testcase classname="com.DMS.testCases.TC_004_Dashboard" name="approveTrainingPlan" time="17.251"/>
  <testcase classname="com.DMS.testCases.TC_004_Dashboard" name="signProcessTrainingAcknowledgement" time="21.934"/>
  <testcase classname="com.DMS.testCases.TC_004_Dashboard" name="signOnlineTestReport" time="21.603"/>
</testsuite> <!-- com.DMS.testCases.TC_004_Dashboard -->
