<?xml version="1.0" encoding="UTF-8"?>
<!-- Generated by org.testng.reporters.JUnitReportReporter -->
<testsuite hostname="DM-LT8" failures="0" tests="19" name="com.DMS.testCases.TC_007_Departments" time="491.240" errors="0" timestamp="2024-04-11T15:48:31 IST" skipped="0">
  <testcase classname="com.DMS.testCases.TC_007_Departments" name="mainDepartmentCreation" time="19.573"/>
  <system-out/>
  <testcase classname="com.DMS.testCases.TC_007_Departments" name="subDepartmentCreation" time="10.928"/>
  <system-out/>
  <testcase classname="com.DMS.testCases.TC_007_Departments" name="mainFolderCreation" time="19.930"/>
  <system-out/>
  <testcase classname="com.DMS.testCases.TC_007_Departments" name="MainFolder_Clone" time="29.288"/>
  <system-out/>
  <testcase classname="com.DMS.testCases.TC_007_Departments" name="MainFolder_Permission" time="22.025"/>
  <system-out/>
  <testcase classname="com.DMS.testCases.TC_007_Departments" name="MainFolder_Share" time="20.936"/>
  <system-out/>
  <testcase classname="com.DMS.testCases.TC_007_Departments" name="MainFolder_Create" time="42.378"/>
  <system-out/>
  <testcase classname="com.DMS.testCases.TC_007_Departments" name="MainFolder_Delete" time="17.520"/>
  <system-out/>
  <testcase classname="com.DMS.testCases.TC_007_Departments" name="MainFolder_Archive" time="28.968"/>
  <system-out/>
  <testcase classname="com.DMS.testCases.TC_007_Departments" name="UploadDocument" time="93.904"/>
  <system-out/>
  <testcase classname="com.DMS.testCases.TC_007_Departments" name="document_Permission" time="16.788"/>
  <system-out/>
  <testcase classname="com.DMS.testCases.TC_007_Departments" name="document_Share" time="16.760"/>
  <system-out/>
  <testcase classname="com.DMS.testCases.TC_007_Departments" name="document_Delete" time="12.420"/>
  <system-out/>
  <testcase classname="com.DMS.testCases.TC_007_Departments" name="document_Archive" time="12.394"/>
  <system-out/>
  <testcase classname="com.DMS.testCases.TC_007_Departments" name="addSignersToTheDocument" time="39.212"/>
  <system-out/>
  <testcase classname="com.DMS.testCases.TC_007_Departments" name="signersEdit" time="15.775"/>
  <system-out/>
  <testcase classname="com.DMS.testCases.TC_007_Departments" name="signDocument" time="23.823"/>
  <system-out/>
  <testcase classname="com.DMS.testCases.TC_007_Departments" name="setApprover_Document" time="12.874"/>
  <system-out/>
  <testcase classname="com.DMS.testCases.TC_007_Departments" name="addNewVersion_Doc" time="35.744"/>
  <system-out/>
</testsuite> <!-- com.DMS.testCases.TC_007_Departments -->
