<?xml version="1.0" encoding="UTF-8"?>
<!-- Generated by org.testng.reporters.JUnitReportReporter -->
<testsuite hostname="DM-LT8" failures="0" tests="17" name="com.DMS.testCases.TC_008_MyFiles" time="451.144" errors="0" timestamp="2024-04-11T15:25:01 IST" skipped="0">
  <testcase classname="com.DMS.testCases.TC_008_MyFiles" name="mainFolderCreation" time="17.604"/>
  <system-out/>
  <testcase classname="com.DMS.testCases.TC_008_MyFiles" name="MainFolder_Clone" time="29.266"/>
  <system-out/>
  <testcase classname="com.DMS.testCases.TC_008_MyFiles" name="MainFolderPermission" time="21.950"/>
  <system-out/>
  <testcase classname="com.DMS.testCases.TC_008_MyFiles" name="MainFolderShare" time="20.953"/>
  <system-out/>
  <testcase classname="com.DMS.testCases.TC_008_MyFiles" name="MainFolder_Create" time="42.385"/>
  <system-out/>
  <testcase classname="com.DMS.testCases.TC_008_MyFiles" name="MainFolderDelete" time="17.598"/>
  <system-out/>
  <testcase classname="com.DMS.testCases.TC_008_MyFiles" name="MainFolderArchive" time="28.916"/>
  <system-out/>
  <testcase classname="com.DMS.testCases.TC_008_MyFiles" name="UploadDocument" time="83.572"/>
  <system-out/>
  <testcase classname="com.DMS.testCases.TC_008_MyFiles" name="PermissionDocument" time="16.856"/>
  <system-out/>
  <testcase classname="com.DMS.testCases.TC_008_MyFiles" name="ShareDocument" time="16.750"/>
  <system-out/>
  <testcase classname="com.DMS.testCases.TC_008_MyFiles" name="DeleteDocument" time="12.406"/>
  <system-out/>
  <testcase classname="com.DMS.testCases.TC_008_MyFiles" name="ArchiveDocument" time="16.419"/>
  <system-out/>
  <testcase classname="com.DMS.testCases.TC_008_MyFiles" name="addSignersToTheDocument" time="37.090"/>
  <system-out/>
  <testcase classname="com.DMS.testCases.TC_008_MyFiles" name="editSigners_Document" time="15.863"/>
  <system-out/>
  <testcase classname="com.DMS.testCases.TC_008_MyFiles" name="signDocument" time="23.886"/>
  <system-out/>
  <testcase classname="com.DMS.testCases.TC_008_MyFiles" name="setApprover_Document" time="12.746"/>
  <system-out/>
  <testcase classname="com.DMS.testCases.TC_008_MyFiles" name="addNewVersion" time="36.884"/>
  <system-out/>
</testsuite> <!-- com.DMS.testCases.TC_008_MyFiles -->
