<?xml version="1.0" encoding="UTF-8"?>
<!-- Generated by org.testng.reporters.JUnitReportReporter -->
<testsuite hostname="DESKTOP-2ODO8DJ" failures="0" tests="7" name="com.DMS.testCases.TC_014_DocumentApprovals" time="169.958" errors="0" timestamp="2024-01-03T23:53:03 IST" skipped="0">
  <testcase classname="com.DMS.testCases.TC_014_DocumentApprovals" name="docuemntTitleSearchValidation" time="16.340"/>
  <testcase classname="com.DMS.testCases.TC_014_DocumentApprovals" name="dateSearchValidation" time="16.132"/>
  <testcase classname="com.DMS.testCases.TC_014_DocumentApprovals" name="statusSearchValidation" time="13.540"/>
  <testcase classname="com.DMS.testCases.TC_014_DocumentApprovals" name="viewStatus" time="17.508"/>
  <testcase classname="com.DMS.testCases.TC_014_DocumentApprovals" name="viewDocumet_Approval" time="37.306"/>
  <testcase classname="com.DMS.testCases.TC_014_DocumentApprovals" name="viewDocumet_Reject" time="36.608"/>
  <testcase classname="com.DMS.testCases.TC_014_DocumentApprovals" name="viewApprovedDocumet_download_print" time="32.524"/>
</testsuite> <!-- com.DMS.testCases.TC_014_DocumentApprovals -->
