<?xml version="1.0" encoding="UTF-8"?>
<!-- Generated by org.testng.reporters.JUnitReportReporter -->
<testsuite hostname="DESKTOP-2ODO8DJ" failures="0" tests="1" name="com.DMS.testCases.TC_015_SopLibrary" time="13.438" errors="0" timestamp="2023-10-26T17:26:34 IST" skipped="0">
  <testcase classname="com.DMS.testCases.TC_015_SopLibrary" name="initiatorSOP" time="13.438"/>
</testsuite> <!-- com.DMS.testCases.TC_015_SopLibrary -->
