<?xml version="1.0" encoding="UTF-8"?>
<!-- Generated by org.testng.reporters.JUnitReportReporter -->
<testsuite hostname="DM-LT8" failures="0" tests="3" name="com.DMS.testCases.TC_015_TrainingAcknowledgement" time="76.673" errors="0" timestamp="2024-04-12T16:16:58 IST" skipped="0">
  <testcase classname="com.DMS.testCases.TC_015_TrainingAcknowledgement" name="sign_MyTraining" time="32.348"/>
  <system-out/>
  <testcase classname="com.DMS.testCases.TC_015_TrainingAcknowledgement" name="assignTraining" time="9.627"/>
  <system-out/>
  <testcase classname="com.DMS.testCases.TC_015_TrainingAcknowledgement" name="sign_Verification" time="34.698"/>
  <system-out/>
</testsuite> <!-- com.DMS.testCases.TC_015_TrainingAcknowledgement -->
