<?xml version="1.0" encoding="UTF-8"?>
<!-- Generated by org.testng.reporters.JUnitReportReporter -->
<testsuite hostname="DESKTOP-2ODO8DJ" failures="0" tests="7" name="com.DMS.testCases.TC_ConfigBookmarkSign" time="90.160" errors="0" timestamp="2023-11-13T18:19:24 IST" skipped="0">
  <testcase classname="com.DMS.testCases.TC_ConfigBookmarkSign" name="createDocumentType" time="18.219"/>
  <testcase classname="com.DMS.testCases.TC_ConfigBookmarkSign" name="documentTypeSearchValidation" time="11.796"/>
  <testcase classname="com.DMS.testCases.TC_ConfigBookmarkSign" name="editDocumentType" time="15.266"/>
  <testcase classname="com.DMS.testCases.TC_ConfigBookmarkSign" name="addBookmark" time="12.933"/>
  <testcase classname="com.DMS.testCases.TC_ConfigBookmarkSign" name="editBookmark" time="14.816"/>
  <testcase classname="com.DMS.testCases.TC_ConfigBookmarkSign" name="deleteBookmark" time="10.444"/>
  <testcase classname="com.DMS.testCases.TC_ConfigBookmarkSign" name="deleteDocumentType" time="6.686"/>
</testsuite> <!-- com.DMS.testCases.TC_ConfigBookmarkSign -->
