<?xml version="1.0" encoding="UTF-8"?>
<!-- Generated by org.testng.reporters.JUnitReportReporter -->
<testsuite hostname="DESKTOP-2ODO8DJ" failures="0" tests="3" name="com.DMS.testCases.TC_010_DocumentTemplate" time="72.571" errors="0" timestamp="2024-01-03T12:24:33 IST" skipped="0">
  <testcase classname="com.DMS.testCases.TC_010_DocumentTemplate" name="createDocumenttemplate" time="41.296"/>
  <testcase classname="com.DMS.testCases.TC_010_DocumentTemplate" name="documentView" time="26.667"/>
  <testcase classname="com.DMS.testCases.TC_010_DocumentTemplate" name="documentDelete" time="4.608"/>
</testsuite> <!-- com.DMS.testCases.TC_010_DocumentTemplate -->
