<?xml version="1.0" encoding="UTF-8"?>
<!-- Generated by org.testng.reporters.JUnitReportReporter -->
<testsuite hostname="DESKTOP-2ODO8DJ" failures="0" tests="15" name="com.DMS.testCases.TC_009_MyFiles" time="397.597" errors="0" timestamp="2024-01-05T13:40:12 IST" skipped="0">
  <testcase classname="com.DMS.testCases.TC_009_MyFiles" name="mainFolderCreation" time="19.037"/>
  <testcase classname="com.DMS.testCases.TC_009_MyFiles" name="MainFolderPermission" time="22.524"/>
  <testcase classname="com.DMS.testCases.TC_009_MyFiles" name="MainFolderShare" time="21.355"/>
  <testcase classname="com.DMS.testCases.TC_009_MyFiles" name="MainFolderDelete" time="17.943"/>
  <testcase classname="com.DMS.testCases.TC_009_MyFiles" name="MainFolderArchive" time="29.847"/>
  <testcase classname="com.DMS.testCases.TC_009_MyFiles" name="UploadDocument" time="87.910"/>
  <testcase classname="com.DMS.testCases.TC_009_MyFiles" name="PermissionDocument" time="17.199"/>
  <testcase classname="com.DMS.testCases.TC_009_MyFiles" name="ShareDocument" time="17.503"/>
  <testcase classname="com.DMS.testCases.TC_009_MyFiles" name="DeletDocument" time="12.629"/>
  <testcase classname="com.DMS.testCases.TC_009_MyFiles" name="ArchiveDocument" time="16.613"/>
  <testcase classname="com.DMS.testCases.TC_009_MyFiles" name="addSignersToTheDocument" time="38.055"/>
  <testcase classname="com.DMS.testCases.TC_009_MyFiles" name="addSigners_Document" time="16.987"/>
  <testcase classname="com.DMS.testCases.TC_009_MyFiles" name="signDocument" time="24.655"/>
  <testcase classname="com.DMS.testCases.TC_009_MyFiles" name="setApprover_Document" time="17.624"/>
  <testcase classname="com.DMS.testCases.TC_009_MyFiles" name="addNewVersion" time="37.716"/>
</testsuite> <!-- com.DMS.testCases.TC_009_MyFiles -->
