<?xml version="1.0" encoding="UTF-8"?>
<!-- Generated by org.testng.reporters.JUnitReportReporter -->
<testsuite hostname="DESKTOP-2ODO8DJ" failures="0" tests="6" name="com.DMS.testCases.TC_007_Designation" time="156.536" errors="0" timestamp="2024-01-03T12:24:34 IST" skipped="0">
  <testcase classname="com.DMS.testCases.TC_007_Designation" name="createDesignation" time="21.715"/>
  <testcase classname="com.DMS.testCases.TC_007_Designation" name="setPrivilege" time="35.345"/>
  <testcase classname="com.DMS.testCases.TC_007_Designation" name="editPrivilege" time="35.075"/>
  <testcase classname="com.DMS.testCases.TC_007_Designation" name="edit" time="29.047"/>
  <testcase classname="com.DMS.testCases.TC_007_Designation" name="delete" time="18.149"/>
  <testcase classname="com.DMS.testCases.TC_007_Designation" name="desNameSearchValidation" time="17.205"/>
</testsuite> <!-- com.DMS.testCases.TC_007_Designation -->
