<?xml version="1.0" encoding="UTF-8"?>
<!-- Generated by org.testng.reporters.JUnitReportReporter -->
<testsuite hostname="DM-LT8" failures="0" tests="1" name="com.DMS.testCases.TC_001_loginTest_Positive" time="9.383" errors="0" timestamp="2024-04-08T14:42:47 IST" skipped="0">
  <testcase classname="com.DMS.testCases.TC_001_loginTest_Positive" name="loginWithValidCredentials" time="9.383"/>
  <system-out/>
</testsuite> <!-- com.DMS.testCases.TC_001_loginTest_Positive -->
