<?xml version="1.0" encoding="UTF-8"?>
<!-- Generated by org.testng.reporters.JUnitReportReporter -->
<testsuite hostname="DESKTOP-2ODO8DJ" failures="0" tests="18" name="com.DMS.testCases.TC_012_MyFiles" time="478.124" errors="0" timestamp="2024-01-03T19:02:01 IST" skipped="0">
  <testcase classname="com.DMS.testCases.TC_012_MyFiles" name="mainFolderCreation" time="18.140"/>
  <testcase classname="com.DMS.testCases.TC_012_MyFiles" name="MainFolderEdit" time="18.869"/>
  <testcase classname="com.DMS.testCases.TC_012_MyFiles" name="MainFolderPermission" time="22.394"/>
  <testcase classname="com.DMS.testCases.TC_012_MyFiles" name="MainFolderShare" time="21.349"/>
  <testcase classname="com.DMS.testCases.TC_012_MyFiles" name="MainFolderDelete" time="17.700"/>
  <testcase classname="com.DMS.testCases.TC_012_MyFiles" name="MainFolderArchive" time="29.449"/>
  <testcase classname="com.DMS.testCases.TC_012_MyFiles" name="SubFolderCreation" time="67.752"/>
  <testcase classname="com.DMS.testCases.TC_012_MyFiles" name="UploadDocument" time="80.531"/>
  <testcase classname="com.DMS.testCases.TC_012_MyFiles" name="EditDocument" time="15.275"/>
  <testcase classname="com.DMS.testCases.TC_012_MyFiles" name="PermissionDocument" time="17.210"/>
  <testcase classname="com.DMS.testCases.TC_012_MyFiles" name="ShareDocument" time="17.096"/>
  <testcase classname="com.DMS.testCases.TC_012_MyFiles" name="DeletDocument" time="12.553"/>
  <testcase classname="com.DMS.testCases.TC_012_MyFiles" name="ArchiveDocument" time="16.504"/>
  <testcase classname="com.DMS.testCases.TC_012_MyFiles" name="addSignersToTheDocument" time="38.037"/>
  <testcase classname="com.DMS.testCases.TC_012_MyFiles" name="addSigners_Document" time="16.169"/>
  <testcase classname="com.DMS.testCases.TC_012_MyFiles" name="signDocument" time="24.589"/>
  <testcase classname="com.DMS.testCases.TC_012_MyFiles" name="addNewVersion" time="37.368"/>
  <testcase classname="com.DMS.testCases.TC_012_MyFiles" name="docDownload_Print" time="7.139"/>
</testsuite> <!-- com.DMS.testCases.TC_012_MyFiles -->
