<?xml version="1.0" encoding="UTF-8"?>
<!-- Generated by org.testng.reporters.JUnitReportReporter -->
<testsuite hostname="DESKTOP-2ODO8DJ" failures="0" tests="5" name="com.DMS.testCases.TC_019_TrainingAcknowledgement" time="91.804" errors="0" timestamp="2024-01-03T23:53:03 IST" skipped="0">
  <testcase classname="com.DMS.testCases.TC_019_TrainingAcknowledgement" name="sign_MyTraining" time="33.221"/>
  <testcase classname="com.DMS.testCases.TC_019_TrainingAcknowledgement" name="view_download_MyTraining" time="6.811"/>
  <testcase classname="com.DMS.testCases.TC_019_TrainingAcknowledgement" name="sign_Verification" time="29.374"/>
  <testcase classname="com.DMS.testCases.TC_019_TrainingAcknowledgement" name="downloadSignedDoc_Verification" time="18.004"/>
  <testcase classname="com.DMS.testCases.TC_019_TrainingAcknowledgement" name="assignTraining" time="4.394"/>
</testsuite> <!-- com.DMS.testCases.TC_019_TrainingAcknowledgement -->
