<?xml version="1.0" encoding="UTF-8"?>
<!-- Generated by org.testng.reporters.JUnitReportReporter -->
<testsuite hostname="DESKTOP-2ODO8DJ" failures="0" tests="41" name="com.DMS.testCases.TC_013_Projects" time="978.312" errors="0" timestamp="2024-01-03T19:02:01 IST" skipped="0">
  <testcase classname="com.DMS.testCases.TC_013_Projects" name="createProject" time="14.230"/>
  <testcase classname="com.DMS.testCases.TC_013_Projects" name="editProject" time="11.667"/>
  <testcase classname="com.DMS.testCases.TC_013_Projects" name="addProjectRole" time="13.131"/>
  <testcase classname="com.DMS.testCases.TC_013_Projects" name="editRole" time="17.297"/>
  <testcase classname="com.DMS.testCases.TC_013_Projects" name="deleteRole" time="14.696"/>
  <testcase classname="com.DMS.testCases.TC_013_Projects" name="importRole" time="8.740"/>
  <testcase classname="com.DMS.testCases.TC_013_Projects" name="createUser" time="20.305"/>
  <testcase classname="com.DMS.testCases.TC_013_Projects" name="editUser" time="12.204"/>
  <testcase classname="com.DMS.testCases.TC_013_Projects" name="deleteUser" time="13.697"/>
  <testcase classname="com.DMS.testCases.TC_013_Projects" name="docMainFolderCreation" time="8.585"/>
  <testcase classname="com.DMS.testCases.TC_013_Projects" name="docMainFolderEdit" time="12.781"/>
  <testcase classname="com.DMS.testCases.TC_013_Projects" name="docMainFolderSendTo" time="19.327"/>
  <testcase classname="com.DMS.testCases.TC_013_Projects" name="docMainFolderPermission" time="20.797"/>
  <testcase classname="com.DMS.testCases.TC_013_Projects" name="docMainFolderShare" time="17.187"/>
  <testcase classname="com.DMS.testCases.TC_013_Projects" name="docMainFolderDelete" time="14.779"/>
  <testcase classname="com.DMS.testCases.TC_013_Projects" name="docMainFolderArchive" time="23.400"/>
  <testcase classname="com.DMS.testCases.TC_013_Projects" name="docSubFolderCreation" time="54.055"/>
  <testcase classname="com.DMS.testCases.TC_013_Projects" name="docUploadDocument" time="68.206"/>
  <testcase classname="com.DMS.testCases.TC_013_Projects" name="docEditDocument" time="13.990"/>
  <testcase classname="com.DMS.testCases.TC_013_Projects" name="docPermissionDocument" time="14.156"/>
  <testcase classname="com.DMS.testCases.TC_013_Projects" name="docShareDocument" time="14.286"/>
  <testcase classname="com.DMS.testCases.TC_013_Projects" name="docDeletDocument" time="11.610"/>
  <testcase classname="com.DMS.testCases.TC_013_Projects" name="docArchiveDocument" time="14.047"/>
  <testcase classname="com.DMS.testCases.TC_013_Projects" name="addSignersToTheDocument" time="42.351"/>
  <testcase classname="com.DMS.testCases.TC_013_Projects" name="addSigners_Document" time="12.182"/>
  <testcase classname="com.DMS.testCases.TC_013_Projects" name="signDocument" time="23.622"/>
  <testcase classname="com.DMS.testCases.TC_013_Projects" name="approvalDoc" time="12.267"/>
  <testcase classname="com.DMS.testCases.TC_013_Projects" name="addNewVersion_Doc" time="37.476"/>
  <testcase classname="com.DMS.testCases.TC_013_Projects" name="docDownload_Print" time="4.194"/>
  <testcase classname="com.DMS.testCases.TC_013_Projects" name="devMainFolderCreation" time="19.637"/>
  <testcase classname="com.DMS.testCases.TC_013_Projects" name="devUploadDocument_SubmitAndSign" time="75.736"/>
  <testcase classname="com.DMS.testCases.TC_013_Projects" name="addNewVersion1" time="54.888"/>
  <testcase classname="com.DMS.testCases.TC_013_Projects" name="download_printDoc" time="10.649"/>
  <testcase classname="com.DMS.testCases.TC_013_Projects" name="addNewVersion2" time="70.656"/>
  <testcase classname="com.DMS.testCases.TC_013_Projects" name="devUploadDocument_Save" time="52.267"/>
  <testcase classname="com.DMS.testCases.TC_013_Projects" name="editSavedDocument" time="19.327"/>
  <testcase classname="com.DMS.testCases.TC_013_Projects" name="addNewVersion_savedDocument" time="38.315"/>
  <testcase classname="com.DMS.testCases.TC_013_Projects" name="addNewVersion_Document" time="10.628"/>
  <testcase classname="com.DMS.testCases.TC_013_Projects" name="savedDocumentToSubmittedDocument" time="26.089"/>
  <testcase classname="com.DMS.testCases.TC_013_Projects" name="deleteProject" time="14.772"/>
  <testcase classname="com.DMS.testCases.TC_013_Projects" name="archiveProject" time="20.083"/>
</testsuite> <!-- com.DMS.testCases.TC_013_Projects -->
