<?xml version="1.0" encoding="UTF-8"?>
<!-- Generated by org.testng.reporters.JUnitReportReporter -->
<testsuite hostname="DESKTOP-2ODO8DJ" failures="0" tests="7" name="com.DMS.testCases.TC_008_ConfigBookmarkSign" time="88.525" errors="0" timestamp="2024-01-03T12:24:34 IST" skipped="0">
  <testcase classname="com.DMS.testCases.TC_008_ConfigBookmarkSign" name="createDocumentType" time="17.240"/>
  <testcase classname="com.DMS.testCases.TC_008_ConfigBookmarkSign" name="documentTypeSearchValidation" time="11.692"/>
  <testcase classname="com.DMS.testCases.TC_008_ConfigBookmarkSign" name="editDocumentType" time="15.213"/>
  <testcase classname="com.DMS.testCases.TC_008_ConfigBookmarkSign" name="addBookmark" time="12.806"/>
  <testcase classname="com.DMS.testCases.TC_008_ConfigBookmarkSign" name="editBookmark" time="14.840"/>
  <testcase classname="com.DMS.testCases.TC_008_ConfigBookmarkSign" name="deleteBookmark" time="10.339"/>
  <testcase classname="com.DMS.testCases.TC_008_ConfigBookmarkSign" name="deleteDocumentType" time="6.395"/>
</testsuite> <!-- com.DMS.testCases.TC_008_ConfigBookmarkSign -->
