<?xml version="1.0" encoding="UTF-8"?>
<!-- Generated by org.testng.reporters.JUnitReportReporter -->
<testsuite hostname="DM-LT8" failures="0" tests="2" name="com.DMS.testCases.TC_017_MergeFiles" time="70.679" errors="0" timestamp="2024-04-08T13:19:42 IST" skipped="0">
  <testcase classname="com.DMS.testCases.TC_017_MergeFiles" name="mergeFiles_DMS" time="35.912"/>
  <system-out/>
  <testcase classname="com.DMS.testCases.TC_017_MergeFiles" name="mergeFiles_Local" time="34.767"/>
  <system-out/>
</testsuite> <!-- com.DMS.testCases.TC_017_MergeFiles -->
