<?xml version="1.0" encoding="UTF-8"?>
<!-- Generated by org.testng.reporters.JUnitReportReporter -->
<testsuite hostname="DM-LT8" failures="0" tests="1" name="com.DMS.testCases.TC_002_loginTest_Negative" time="10.782" errors="0" timestamp="2024-04-08T16:05:28 IST" skipped="0">
  <testcase classname="com.DMS.testCases.TC_002_loginTest_Negative" name="loginWithInvalidCredentials" time="10.782"/>
  <system-out/>
</testsuite> <!-- com.DMS.testCases.TC_002_loginTest_Negative -->
